c:\users\utente\downloads\geometrydash1\geometrydash1\x64\debug\vc143.pdb
c:\users\utente\downloads\geometrydash1\geometrydash1\x64\debug\vc143.idb
c:\users\utente\downloads\geometrydash1\geometrydash1\x64\debug\ctrinagoloostacolo.obj
c:\users\utente\downloads\geometrydash1\geometrydash1\x64\debug\ctriangoloinversoostacolo.obj
c:\users\utente\downloads\geometrydash1\geometrydash1\x64\debug\ctendinamenu.obj
c:\users\utente\downloads\geometrydash1\geometrydash1\x64\debug\cstart.obj
c:\users\utente\downloads\geometrydash1\geometrydash1\x64\debug\cspuntoniostacolo.obj
c:\users\utente\downloads\geometrydash1\geometrydash1\x64\debug\cspuntoniinversiostacolo.obj
c:\users\utente\downloads\geometrydash1\geometrydash1\x64\debug\cportaleostacolo.obj
c:\users\utente\downloads\geometrydash1\geometrydash1\x64\debug\cpiattaformaostacolo.obj
c:\users\utente\downloads\geometrydash1\geometrydash1\x64\debug\cnavicella.obj
c:\users\utente\downloads\geometrydash1\geometrydash1\x64\debug\cmenuskin.obj
c:\users\utente\downloads\geometrydash1\geometrydash1\x64\debug\cmenuimpostazioni.obj
c:\users\utente\downloads\geometrydash1\geometrydash1\x64\debug\cmappa.obj
c:\users\utente\downloads\geometrydash1\geometrydash1\x64\debug\clevel1.obj
c:\users\utente\downloads\geometrydash1\geometrydash1\x64\debug\clettere.obj
c:\users\utente\downloads\geometrydash1\geometrydash1\x64\debug\cgiocatore.obj
c:\users\utente\downloads\geometrydash1\geometrydash1\x64\debug\cfinetp.obj
c:\users\utente\downloads\geometrydash1\geometrydash1\x64\debug\cdoppioostacolo.obj
c:\users\utente\downloads\geometrydash1\geometrydash1\x64\debug\ccuboostacolo.obj
c:\users\utente\downloads\geometrydash1\geometrydash1\x64\debug\cbase.obj
c:\users\utente\downloads\geometrydash1\geometrydash1\x64\debug\careadigioco.obj
c:\users\utente\downloads\geometrydash1\geometrydash1\x64\debug\main.obj
c:\users\utente\downloads\geometrydash1\geometrydash1\x64\debug\drawing.obj
c:\users\utente\downloads\geometrydash1\geometrydash1\x64\debug\cwin.obj
c:\users\utente\downloads\geometrydash1\geometrydash1\x64\debug\geometrydash1.ilk
c:\users\utente\downloads\geometrydash1\x64\debug\geometrydash1.exe
c:\users\utente\downloads\geometrydash1\x64\debug\geometrydash1.pdb
c:\users\utente\downloads\geometrydash1\geometrydash1\x64\debug\geometrydash1.tlog\cl.command.1.tlog
c:\users\utente\downloads\geometrydash1\geometrydash1\x64\debug\geometrydash1.tlog\cl.read.1.tlog
c:\users\utente\downloads\geometrydash1\geometrydash1\x64\debug\geometrydash1.tlog\cl.write.1.tlog
c:\users\utente\downloads\geometrydash1\geometrydash1\x64\debug\geometrydash1.tlog\link.command.1.tlog
c:\users\utente\downloads\geometrydash1\geometrydash1\x64\debug\geometrydash1.tlog\link.read.1.tlog
c:\users\utente\downloads\geometrydash1\geometrydash1\x64\debug\geometrydash1.tlog\link.write.1.tlog
